<?xml version="1.0" encoding="UTF-8"?>
<!-- Generated by org.testng.reporters.JUnitXMLReporter -->
<testsuite hostname="DESKTOP-C1R9C2G" ignored="1" name="Test" tests="11" failures="0" timestamp="23 Aug 2023 05:04:38 GMT" time="0.049" errors="0">
  <testcase name="print" time="0.017" classname="TestSuites.AnnotationHierarchy"/>
  <testcase name="dataprovider1" time="0.001" classname="Suite2.TestNgDataprovider"/>
  <testcase name="dataprovider1" time="0.001" classname="Suite2.TestNgDataprovider"/>
  <testcase name="dataprovider2" time="0.001" classname="Suite2.TestNgDataprovider"/>
  <testcase name="dataprovider2" time="0.0" classname="Suite2.TestNgDataprovider"/>
  <testcase name="paramaterTest" time="0.001" classname="Suite2.parameters"/>
  <testcase name="enabledMethod" time="0.0" classname="TestSuites.TestNGAttributes"/>
  <testcase name="mependentMethod" time="0.0" classname="TestSuites.TestNGAttributes"/>
  <testcase name="priority0Method" time="0.0" classname="TestSuites.TestNGAttributes"/>
  <testcase name="lwaysRunMethod" time="0.0" classname="TestSuites.TestNGAttributes"/>
  <testcase name="priority4Method" time="0.0" classname="TestSuites.TestNGAttributes"/>
  <testcase name="skippedMethod" time="0.0" classname="TestSuites.TestNGAttributes">
    <ignored/>
  </testcase> <!-- skippedMethod -->
</testsuite> <!-- Test -->
